<?xml version="1.0" encoding="UTF-8"?>
<testsuite name="queue.MyQueueTest" tests="8" skipped="0" failures="0" errors="0" timestamp="2023-03-26T14:19:51" hostname="Daebi-MacBook-Pro.local" time="5.068">
  <properties/>
  <testcase name="Check that elements exists in the queue" classname="queue.MyQueueTest" time="0.02"/>
  <testcase name="Get waiting State when pushing for full queue with capacity(10)" classname="queue.MyQueueTest" time="0.511"/>
  <testcase name="Push Element in Queue" classname="queue.MyQueueTest" time="0.001"/>
  <testcase name="Thread terminates after 3 seconds in waiting state" classname="queue.MyQueueTest" time="2.007"/>
  <testcase name="Push one to ten in Queue" classname="queue.MyQueueTest" time="0.002"/>
  <testcase name="Although Producer sends element continuously, Consumer pops all element" classname="queue.MyQueueTest" time="2.009"/>
  <testcase name="Get waiting state when consuming from empty queue" classname="queue.MyQueueTest" time="0.506"/>
  <testcase name="Pop element in Queue" classname="queue.MyQueueTest" time="0.001"/>
  <system-out><![CDATA[Test worker Queue has Element
java.lang.InterruptedException
Queue is Empty
popped element = 0
popped element = 1
popped element = 2
popped element = 3
popped element = 4
popped element = 5
popped element = 6
popped element = 7
popped element = 8
popped element = 9
popped element = 10
popped element = 11
popped element = 12
popped element = 13
popped element = 14
Queue is Empty
java.lang.InterruptedException
]]></system-out>
  <system-err><![CDATA[]]></system-err>
</testsuite>
